2020-03-19 10:06:57,596 INFO [base_action.py(find_element:30)] - location=('xpath', "//*[contains(@content-desc,'蓝牙')]")
2020-03-19 10:06:58,796 INFO [base_action.py(find_element:30)] - location=('xpath', "//*[contains(@content-desc,'省电')]")
2020-03-19 10:07:00,190 INFO [base_action.py(find_element:30)] - location=('xpath', "//*[contains(@content-desc,'蓝牙')]")
2020-03-19 10:07:01,253 INFO [base_action.py(find_element:30)] - location=('xpath', "//*[contains(@content-desc,'省电')]")
2020-03-19 10:07:02,147 INFO [base_action.py(find_element:30)] - location=('xpath', "//*[contains(@content-desc,'蓝牙')]")
2020-03-19 10:07:03,106 INFO [base_action.py(find_element:30)] - location=('xpath', "//*[contains(@content-desc,'省电')]")
2020-03-19 10:07:04,431 INFO [base_action.py(find_element:30)] - location=('xpath', "//*[contains(@content-desc,'蓝牙')]")
2020-03-19 10:07:05,395 INFO [base_action.py(find_element:30)] - location=('xpath', "//*[contains(@content-desc,'省电')]")
2020-03-19 10:07:06,244 INFO [base_action.py(find_element:30)] - location=('xpath', "//*[contains(@content-desc,'蓝牙')]")
2020-03-19 10:07:07,199 INFO [base_action.py(find_element:30)] - location=('xpath', "//*[contains(@content-desc,'省电')]")
2020-03-19 10:07:08,535 INFO [base_action.py(find_element:30)] - location=('xpath', "//*[contains(@content-desc,'蓝牙')]")
2020-03-19 10:07:09,478 INFO [base_action.py(find_element:30)] - location=('xpath', "//*[contains(@content-desc,'省电')]")
2020-03-19 10:07:10,300 INFO [base_action.py(find_element:30)] - location=('xpath', "//*[contains(@content-desc,'蓝牙')]")
2020-03-19 10:07:11,224 INFO [base_action.py(find_element:30)] - location=('xpath', "//*[contains(@content-desc,'省电')]")
2020-03-19 10:07:12,568 INFO [base_action.py(find_element:30)] - location=('xpath', "//*[contains(@content-desc,'蓝牙')]")
2020-03-19 10:07:13,507 INFO [base_action.py(find_element:30)] - location=('xpath', "//*[contains(@content-desc,'省电')]")
2020-03-19 10:07:14,333 INFO [base_action.py(find_element:30)] - location=('xpath', "//*[contains(@content-desc,'蓝牙')]")
2020-03-19 10:07:15,266 INFO [base_action.py(find_element:30)] - location=('xpath', "//*[contains(@content-desc,'省电')]")
2020-03-19 10:07:16,581 INFO [base_action.py(find_element:30)] - location=('xpath', "//*[contains(@content-desc,'蓝牙')]")
2020-03-19 10:07:17,511 INFO [base_action.py(find_element:30)] - location=('xpath', "//*[contains(@content-desc,'省电')]")
2020-03-19 10:15:52,750 INFO [base_action.py(find_element:30)] - location=('xpath', "//*[@text='标准']")
2020-03-19 10:18:16,627 INFO [base_action.py(find_element:30)] - location=('xpath', "//*[@text='标准']")
2020-03-19 10:18:26,967 INFO [base_action.py(find_element:30)] - location=('xpath', '//android.view.ViewGroup[@content-desc="1"]/android.widget.TextView')
2020-03-19 10:18:27,860 INFO [base_action.py(find_element:30)] - location=('xpath', '//android.view.ViewGroup[@content-desc="1"]/android.widget.TextView')
2020-03-19 10:18:29,439 INFO [base_action.py(find_element:30)] - location=('xpath', '//android.view.ViewGroup[@content-desc="1"]/android.widget.TextView')
2020-03-19 10:18:31,024 INFO [base_action.py(find_element:30)] - location=('xpath', '//android.view.ViewGroup[@content-desc="1"]/android.widget.TextView')
2020-03-19 10:18:50,161 INFO [base_action.py(find_element:30)] - location=('xpath', '//android.view.ViewGroup[@content-desc="1"]/android.widget.TextView')
2020-03-19 10:18:51,138 INFO [base_action.py(find_element:30)] - location=('xpath', '//android.view.ViewGroup[@content-desc="1"]/android.widget.TextView')
2020-03-19 10:18:52,003 INFO [base_action.py(find_element:30)] - location=('xpath', '//android.view.ViewGroup[@content-desc="1"]/android.widget.TextView')
2020-03-19 10:18:53,543 INFO [base_action.py(find_element:30)] - location=('xpath', '//android.view.ViewGroup[@content-desc="1"]/android.widget.TextView')
2020-03-19 10:19:14,360 INFO [base_action.py(find_element:30)] - location=('xpath', '//android.view.ViewGroup[@content-desc="1"]/android.widget.TextView')
2020-03-19 10:19:14,776 INFO [base_action.py(find_element:30)] - location=('xpath', '//android.view.ViewGroup[@content-desc="1"]/android.widget.TextView')
2020-03-19 10:19:16,135 INFO [base_action.py(find_element:30)] - location=('xpath', '//android.view.ViewGroup[@content-desc="1"]/android.widget.TextView')
2020-03-19 10:19:16,945 INFO [base_action.py(find_element:30)] - location=('xpath', '//android.view.ViewGroup[@content-desc="1"]/android.widget.TextView')
2020-03-19 10:46:25,643 INFO [base_action.py(find_element:30)] - location=('xpath', "//*[@text='标准']")
2020-03-19 10:47:44,957 INFO [base_action.py(find_element:30)] - location=('xpath', "//*[@text='标准']")
2020-03-19 10:50:45,628 INFO [base_action.py(find_element:30)] - location=('xpath', "//*[@text='标准']")
2020-03-19 10:52:54,423 INFO [base_action.py(find_element:30)] - location=('xpath', "//*[@text='标准']")
2020-03-19 10:55:02,712 INFO [base_action.py(find_element:30)] - location=('xpath', "//*[@text='标准']")
2020-03-19 10:57:12,853 INFO [base_action.py(find_element:30)] - location=('xpath', "//*[@text='标准']")
2020-03-19 11:17:58,600 INFO [base_action.py(find_element:30)] - location=('xpath', "//*[@text='标准']")
2020-03-19 11:20:39,719 INFO [base_action.py(find_element:30)] - location=('xpath', "//*[@text='标准']")
2020-03-19 11:22:13,783 INFO [base_action.py(find_element:30)] - location=('xpath', "//*[@text='标准']")
2020-03-19 11:22:18,717 INFO [base_action.py(find_element:30)] - location=('xpath', "//*[contains(@content-desc,'刷新')]")
2020-03-19 11:22:24,261 INFO [base_action.py(find_element:30)] - location=('xpath', "//*[contains(@content-desc,'刷新')]")
2020-03-19 11:23:38,623 INFO [base_action.py(find_element:30)] - location=('xpath', "//*[@text='标准']")
2020-03-19 11:24:57,147 INFO [base_action.py(find_element:30)] - location=('xpath', "//*[@text='标准']")
2020-03-19 11:25:02,070 INFO [base_action.py(find_element:30)] - location=('xpath', "//*[contains(@content-desc,'刷新')]")
2020-03-19 11:29:08,885 INFO [base_action.py(find_element:30)] - location=('xpath', "//*[@text='标准']")
2020-03-19 11:29:14,812 INFO [base_action.py(find_element:30)] - location=('xpath', "//*[contains(@content-desc,'刷新')]")
2020-03-19 11:41:10,866 INFO [base_action.py(find_element:30)] - location=('xpath', "//*[@text='标准']")
2020-03-19 11:41:14,671 INFO [base_action.py(find_element:30)] - location=('xpath', "//*[contains(@content-desc,'刷新')]")
2020-03-19 11:43:49,328 INFO [base_action.py(find_element:30)] - location=('xpath', "//*[@text='标准']")
2020-03-19 11:43:53,932 INFO [base_action.py(find_element:30)] - location=('xpath', "//*[contains(@content-desc,'刷新')]")
2020-03-19 12:42:15,499 INFO [base_action.py(find_element:30)] - location=('xpath', "//*[@text='标准']")
2020-03-19 12:42:18,828 INFO [base_action.py(find_element:30)] - location=('xpath', "//*[contains(@content-desc,'刷新')]")
2020-03-19 12:44:51,514 INFO [base_action.py(find_element:30)] - location=('xpath', "//*[@text='标准']")
2020-03-19 12:44:54,703 INFO [base_action.py(find_element:30)] - location=('id', 'com.iflyrec.smartrecorder:id/notice_top_forward_btn')
2020-03-19 12:47:10,242 INFO [base_action.py(find_element:30)] - location=('xpath', "//*[@text='标准']")
2020-03-19 12:47:15,473 INFO [base_action.py(find_element:30)] - location=('id', 'com.iflyrec.smartrecorder:id/notice_top_forward_btn')
2020-03-19 12:48:44,208 INFO [base_action.py(find_element:30)] - location=('xpath', "//*[@text='标准']")
2020-03-19 12:49:46,893 INFO [base_action.py(find_element:30)] - location=('xpath', "//*[@text='标准']")
2020-03-19 12:49:51,625 INFO [base_action.py(find_element:30)] - location=('id', 'com.iflyrec.smartrecorder:id/notice_top_forward_btn')
2020-03-19 12:49:52,154 INFO [base_action.py(find_element:30)] - location=('id', 'com.iflyrec.smartrecorder:id/notice_top_forward_btn')
2020-03-19 12:50:54,470 INFO [base_action.py(find_element:30)] - location=('xpath', "//*[@text='完成']")
2020-03-19 12:50:56,980 INFO [base_action.py(find_element:30)] - location=('xpath', "//*[@text='保存']")
2020-03-19 12:50:57,285 INFO [base_action.py(find_element:30)] - location=('xpath', "//*[@text='录音']")
2020-03-19 12:50:59,235 INFO [base_action.py(find_element:30)] - location=('xpath', "//*[@text='标准']")
2020-03-19 12:51:03,164 INFO [base_action.py(find_element:30)] - location=('id', 'com.iflyrec.smartrecorder:id/notice_top_forward_btn')
2020-03-19 12:51:03,386 INFO [base_action.py(find_element:30)] - location=('id', 'com.iflyrec.smartrecorder:id/notice_top_forward_btn')
2020-03-19 12:52:03,591 INFO [base_action.py(find_element:30)] - location=('xpath', "//*[@text='完成']")
2020-03-19 12:52:05,865 INFO [base_action.py(find_element:30)] - location=('xpath', "//*[@text='保存']")
2020-03-19 12:52:06,097 INFO [base_action.py(find_element:30)] - location=('xpath', "//*[@text='录音']")
2020-03-19 12:52:07,561 INFO [base_action.py(find_element:30)] - location=('xpath', "//*[@text='标准']")
2020-03-19 12:52:11,806 INFO [base_action.py(find_element:30)] - location=('id', 'com.iflyrec.smartrecorder:id/notice_top_forward_btn')
2020-03-19 12:52:12,261 INFO [base_action.py(find_element:30)] - location=('id', 'com.iflyrec.smartrecorder:id/notice_top_forward_btn')
2020-03-19 12:53:12,398 INFO [base_action.py(find_element:30)] - location=('xpath', "//*[@text='完成']")
2020-03-19 12:53:13,163 INFO [base_action.py(find_element:30)] - location=('xpath', "//*[@text='保存']")
2020-03-19 12:53:14,900 INFO [base_action.py(find_element:30)] - location=('xpath', "//*[@text='录音']")
2020-03-19 12:53:16,664 INFO [base_action.py(find_element:30)] - location=('xpath', "//*[@text='标准']")
2020-03-19 12:53:20,676 INFO [base_action.py(find_element:30)] - location=('id', 'com.iflyrec.smartrecorder:id/notice_top_forward_btn')
2020-03-19 12:53:21,451 INFO [base_action.py(find_element:30)] - location=('id', 'com.iflyrec.smartrecorder:id/notice_top_forward_btn')
2020-03-19 12:54:23,941 INFO [base_action.py(find_element:30)] - location=('xpath', "//*[@text='标准']")
2020-03-19 12:54:28,877 INFO [base_action.py(find_element:30)] - location=('id', 'com.iflyrec.smartrecorder:id/notice_top_forward_btn')
2020-03-19 12:54:29,112 INFO [base_action.py(find_element:30)] - location=('id', 'com.iflyrec.smartrecorder:id/notice_top_forward_btn')
2020-03-19 12:54:33,706 INFO [base_action.py(find_element:30)] - location=('id', 'com.iflyrec.smartrecorder:id/notice_top_forward_btn')
2020-03-19 12:54:34,120 INFO [base_action.py(find_element:30)] - location=('id', 'com.iflyrec.smartrecorder:id/notice_top_forward_btn')
2020-03-19 12:54:37,600 INFO [base_action.py(find_element:30)] - location=('id', 'com.iflyrec.smartrecorder:id/notice_top_forward_btn')
2020-03-19 12:54:38,089 INFO [base_action.py(find_element:30)] - location=('id', 'com.iflyrec.smartrecorder:id/notice_top_forward_btn')
2020-03-19 12:55:41,038 INFO [base_action.py(find_element:30)] - location=('xpath', "//*[@text='完成']")
2020-03-19 12:55:42,130 INFO [base_action.py(find_element:30)] - location=('xpath', "//*[@text='保存']")
2020-03-19 12:55:44,402 INFO [base_action.py(find_element:30)] - location=('xpath', "//*[@text='录音']")
